{"/var/www/html/react-foodidealight/src/App.js": {"path":"/var/www/html/react-foodidealight/src/App.js","statementMap":{"0":{"start":{"line":11,"column":2},"end":{"line":25,"column":4}}},"fnMap":{"0":{"name":"App","decl":{"start":{"line":10,"column":9},"end":{"line":10,"column":12}},"loc":{"start":{"line":10,"column":15},"end":{"line":26,"column":1}},"line":10}},"branchMap":{},"s":{"0":0},"f":{"0":0},"b":{}}
,"/var/www/html/react-foodidealight/src/Context.js": {"path":"/var/www/html/react-foodidealight/src/Context.js","statementMap":{"0":{"start":{"line":3,"column":23},"end":{"line":3,"column":44}},"1":{"start":{"line":4,"column":31},"end":{"line":19,"column":1}},"2":{"start":{"line":5,"column":38},"end":{"line":5,"column":53}},"3":{"start":{"line":6,"column":44},"end":{"line":6,"column":59}},"4":{"start":{"line":7,"column":35},"end":{"line":7,"column":50}},"5":{"start":{"line":9,"column":18},"end":{"line":13,"column":5}},"6":{"start":{"line":14,"column":4},"end":{"line":18,"column":6}}},"fnMap":{"0":{"name":"(anonymous_0)","decl":{"start":{"line":4,"column":31},"end":{"line":4,"column":32}},"loc":{"start":{"line":4,"column":49},"end":{"line":19,"column":1}},"line":4}},"branchMap":{},"s":{"0":1,"1":1,"2":0,"3":0,"4":0,"5":0,"6":0},"f":{"0":0},"b":{},"_coverageSchema":"1a1c01bbd47fc00a2c39e90264f33305004495a9","hash":"1ce622cdacaabf4525fb1b234c71b05d33a0ece3"}
,"/var/www/html/react-foodidealight/src/index.js": {"path":"/var/www/html/react-foodidealight/src/index.js","statementMap":{"0":{"start":{"line":6,"column":20},"end":{"line":6,"column":51}},"1":{"start":{"line":7,"column":0},"end":{"line":7,"column":73}}},"fnMap":{},"branchMap":{},"s":{"0":0,"1":0},"f":{},"b":{}}
,"/var/www/html/react-foodidealight/src/reportWebVitals.js": {"path":"/var/www/html/react-foodidealight/src/reportWebVitals.js","statementMap":{"0":{"start":{"line":1,"column":24},"end":{"line":11,"column":1}},"1":{"start":{"line":2,"column":2},"end":{"line":10,"column":3}},"2":{"start":{"line":3,"column":4},"end":{"line":9,"column":7}},"3":{"start":{"line":4,"column":6},"end":{"line":4,"column":26}},"4":{"start":{"line":5,"column":6},"end":{"line":5,"column":26}},"5":{"start":{"line":6,"column":6},"end":{"line":6,"column":26}},"6":{"start":{"line":7,"column":6},"end":{"line":7,"column":26}},"7":{"start":{"line":8,"column":6},"end":{"line":8,"column":27}}},"fnMap":{"0":{"name":"(anonymous_0)","decl":{"start":{"line":1,"column":24},"end":{"line":1,"column":25}},"loc":{"start":{"line":1,"column":39},"end":{"line":11,"column":1}},"line":1},"1":{"name":"(anonymous_1)","decl":{"start":{"line":3,"column":30},"end":{"line":3,"column":31}},"loc":{"start":{"line":3,"column":79},"end":{"line":9,"column":5}},"line":3}},"branchMap":{"0":{"loc":{"start":{"line":2,"column":2},"end":{"line":10,"column":3}},"type":"if","locations":[{"start":{"line":2,"column":2},"end":{"line":10,"column":3}},{"start":{},"end":{}}],"line":2},"1":{"loc":{"start":{"line":2,"column":6},"end":{"line":2,"column":52}},"type":"binary-expr","locations":[{"start":{"line":2,"column":6},"end":{"line":2,"column":17}},{"start":{"line":2,"column":21},"end":{"line":2,"column":52}}],"line":2}},"s":{"0":0,"1":0,"2":0,"3":0,"4":0,"5":0,"6":0,"7":0},"f":{"0":0,"1":0},"b":{"0":[0,0],"1":[0,0]}}
,"/var/www/html/react-foodidealight/src/Components/Layouts/Footer.js": {"path":"/var/www/html/react-foodidealight/src/Components/Layouts/Footer.js","statementMap":{"0":{"start":{"line":6,"column":22},"end":{"line":6,"column":46}},"1":{"start":{"line":8,"column":4},"end":{"line":18,"column":5}}},"fnMap":{"0":{"name":"Footer","decl":{"start":{"line":5,"column":9},"end":{"line":5,"column":15}},"loc":{"start":{"line":5,"column":18},"end":{"line":19,"column":1}},"line":5}},"branchMap":{},"s":{"0":0,"1":0},"f":{"0":0},"b":{}}
,"/var/www/html/react-foodidealight/src/Components/Layouts/Header.js": {"path":"/var/www/html/react-foodidealight/src/Components/Layouts/Header.js","statementMap":{"0":{"start":{"line":7,"column":4},"end":{"line":20,"column":6}}},"fnMap":{"0":{"name":"Header","decl":{"start":{"line":6,"column":9},"end":{"line":6,"column":15}},"loc":{"start":{"line":6,"column":18},"end":{"line":21,"column":1}},"line":6}},"branchMap":{},"s":{"0":0},"f":{"0":0},"b":{}}
,"/var/www/html/react-foodidealight/src/Components/Restaurants/CommonForm.js": {"path":"/var/www/html/react-foodidealight/src/Components/Restaurants/CommonForm.js","statementMap":{"0":{"start":{"line":9,"column":26},"end":{"line":189,"column":1}},"1":{"start":{"line":10,"column":66},"end":{"line":10,"column":85}},"2":{"start":{"line":11,"column":35},"end":{"line":11,"column":49}},"3":{"start":{"line":12,"column":41},"end":{"line":12,"column":58}},"4":{"start":{"line":13,"column":35},"end":{"line":13,"column":49}},"5":{"start":{"line":15,"column":32},"end":{"line":15,"column":44}},"6":{"start":{"line":16,"column":33},"end":{"line":21,"column":6}},"7":{"start":{"line":23,"column":15},"end":{"line":23,"column":28}},"8":{"start":{"line":24,"column":25},"end":{"line":87,"column":5}},"9":{"start":{"line":25,"column":8},"end":{"line":25,"column":27}},"10":{"start":{"line":26,"column":26},"end":{"line":26,"column":48}},"11":{"start":{"line":27,"column":8},"end":{"line":27,"column":29}},"12":{"start":{"line":29,"column":8},"end":{"line":86,"column":9}},"13":{"start":{"line":30,"column":12},"end":{"line":79,"column":13}},"14":{"start":{"line":32,"column":37},"end":{"line":32,"column":142}},"15":{"start":{"line":33,"column":16},"end":{"line":47,"column":18}},"16":{"start":{"line":35,"column":20},"end":{"line":35,"column":55}},"17":{"start":{"line":36,"column":20},"end":{"line":36,"column":43}},"18":{"start":{"line":37,"column":20},"end":{"line":37,"column":93}},"19":{"start":{"line":38,"column":20},"end":{"line":38,"column":40}},"20":{"start":{"line":42,"column":20},"end":{"line":42,"column":42}},"21":{"start":{"line":43,"column":20},"end":{"line":43,"column":74}},"22":{"start":{"line":44,"column":20},"end":{"line":44,"column":40}},"23":{"start":{"line":45,"column":20},"end":{"line":45,"column":45}},"24":{"start":{"line":49,"column":19},"end":{"line":79,"column":13}},"25":{"start":{"line":52,"column":27},"end":{"line":52,"column":53}},"26":{"start":{"line":63,"column":41},"end":{"line":63,"column":146}},"27":{"start":{"line":64,"column":16},"end":{"line":78,"column":18}},"28":{"start":{"line":66,"column":20},"end":{"line":66,"column":43}},"29":{"start":{"line":67,"column":20},"end":{"line":67,"column":94}},"30":{"start":{"line":68,"column":20},"end":{"line":68,"column":40}},"31":{"start":{"line":69,"column":20},"end":{"line":69,"column":57}},"32":{"start":{"line":73,"column":20},"end":{"line":73,"column":42}},"33":{"start":{"line":74,"column":20},"end":{"line":74,"column":74}},"34":{"start":{"line":75,"column":20},"end":{"line":75,"column":40}},"35":{"start":{"line":76,"column":20},"end":{"line":76,"column":45}},"36":{"start":{"line":81,"column":13},"end":{"line":81,"column":26}},"37":{"start":{"line":82,"column":13},"end":{"line":82,"column":57}},"38":{"start":{"line":84,"column":12},"end":{"line":85,"column":41}},"39":{"start":{"line":89,"column":25},"end":{"line":104,"column":5}},"40":{"start":{"line":90,"column":23},"end":{"line":90,"column":25}},"41":{"start":{"line":91,"column":8},"end":{"line":93,"column":9}},"42":{"start":{"line":92,"column":12},"end":{"line":92,"column":45}},"43":{"start":{"line":94,"column":8},"end":{"line":96,"column":9}},"44":{"start":{"line":95,"column":12},"end":{"line":95,"column":59}},"45":{"start":{"line":97,"column":8},"end":{"line":99,"column":9}},"46":{"start":{"line":98,"column":12},"end":{"line":98,"column":51}},"47":{"start":{"line":100,"column":8},"end":{"line":102,"column":9}},"48":{"start":{"line":101,"column":12},"end":{"line":101,"column":45}},"49":{"start":{"line":103,"column":8},"end":{"line":103,"column":22}},"50":{"start":{"line":106,"column":25},"end":{"line":115,"column":9}},"51":{"start":{"line":108,"column":36},"end":{"line":108,"column":44}},"52":{"start":{"line":111,"column":12},"end":{"line":114,"column":15}},"53":{"start":{"line":117,"column":4},"end":{"line":188,"column":6}},"54":{"start":{"line":174,"column":44},"end":{"line":174,"column":59}}},"fnMap":{"0":{"name":"(anonymous_0)","decl":{"start":{"line":9,"column":26},"end":{"line":9,"column":27}},"loc":{"start":{"line":9,"column":38},"end":{"line":189,"column":1}},"line":9},"1":{"name":"(anonymous_1)","decl":{"start":{"line":24,"column":25},"end":{"line":24,"column":26}},"loc":{"start":{"line":24,"column":32},"end":{"line":87,"column":5}},"line":24},"2":{"name":"(anonymous_2)","decl":{"start":{"line":34,"column":22},"end":{"line":34,"column":23}},"loc":{"start":{"line":34,"column":36},"end":{"line":40,"column":17}},"line":34},"3":{"name":"(anonymous_3)","decl":{"start":{"line":41,"column":23},"end":{"line":41,"column":24}},"loc":{"start":{"line":41,"column":29},"end":{"line":47,"column":17}},"line":41},"4":{"name":"(anonymous_4)","decl":{"start":{"line":65,"column":22},"end":{"line":65,"column":23}},"loc":{"start":{"line":65,"column":36},"end":{"line":71,"column":17}},"line":65},"5":{"name":"(anonymous_5)","decl":{"start":{"line":72,"column":23},"end":{"line":72,"column":24}},"loc":{"start":{"line":72,"column":29},"end":{"line":78,"column":17}},"line":72},"6":{"name":"(anonymous_6)","decl":{"start":{"line":89,"column":25},"end":{"line":89,"column":26}},"loc":{"start":{"line":89,"column":35},"end":{"line":104,"column":5}},"line":89},"7":{"name":"(anonymous_7)","decl":{"start":{"line":106,"column":25},"end":{"line":106,"column":26}},"loc":{"start":{"line":106,"column":32},"end":{"line":115,"column":9}},"line":106},"8":{"name":"(anonymous_8)","decl":{"start":{"line":174,"column":37},"end":{"line":174,"column":38}},"loc":{"start":{"line":174,"column":44},"end":{"line":174,"column":59}},"line":174}},"branchMap":{"0":{"loc":{"start":{"line":17,"column":14},"end":{"line":17,"column":63}},"type":"cond-expr","locations":[{"start":{"line":17,"column":30},"end":{"line":17,"column":58}},{"start":{"line":17,"column":61},"end":{"line":17,"column":63}}],"line":17},"1":{"loc":{"start":{"line":18,"column":21},"end":{"line":18,"column":77}},"type":"cond-expr","locations":[{"start":{"line":18,"column":37},"end":{"line":18,"column":72}},{"start":{"line":18,"column":75},"end":{"line":18,"column":77}}],"line":18},"2":{"loc":{"start":{"line":19,"column":17},"end":{"line":19,"column":69}},"type":"cond-expr","locations":[{"start":{"line":19,"column":33},"end":{"line":19,"column":64}},{"start":{"line":19,"column":67},"end":{"line":19,"column":69}}],"line":19},"3":{"loc":{"start":{"line":20,"column":14},"end":{"line":20,"column":63}},"type":"cond-expr","locations":[{"start":{"line":20,"column":30},"end":{"line":20,"column":58}},{"start":{"line":20,"column":61},"end":{"line":20,"column":63}}],"line":20},"4":{"loc":{"start":{"line":29,"column":8},"end":{"line":86,"column":9}},"type":"if","locations":[{"start":{"line":29,"column":8},"end":{"line":86,"column":9}},{"start":{"line":83,"column":15},"end":{"line":86,"column":9}}],"line":29},"5":{"loc":{"start":{"line":30,"column":12},"end":{"line":79,"column":13}},"type":"if","locations":[{"start":{"line":30,"column":12},"end":{"line":79,"column":13}},{"start":{"line":49,"column":19},"end":{"line":79,"column":13}}],"line":30},"6":{"loc":{"start":{"line":49,"column":19},"end":{"line":79,"column":13}},"type":"if","locations":[{"start":{"line":49,"column":19},"end":{"line":79,"column":13}},{"start":{},"end":{}}],"line":49},"7":{"loc":{"start":{"line":91,"column":8},"end":{"line":93,"column":9}},"type":"if","locations":[{"start":{"line":91,"column":8},"end":{"line":93,"column":9}},{"start":{},"end":{}}],"line":91},"8":{"loc":{"start":{"line":94,"column":8},"end":{"line":96,"column":9}},"type":"if","locations":[{"start":{"line":94,"column":8},"end":{"line":96,"column":9}},{"start":{},"end":{}}],"line":94},"9":{"loc":{"start":{"line":97,"column":8},"end":{"line":99,"column":9}},"type":"if","locations":[{"start":{"line":97,"column":8},"end":{"line":99,"column":9}},{"start":{},"end":{}}],"line":97},"10":{"loc":{"start":{"line":100,"column":8},"end":{"line":102,"column":9}},"type":"if","locations":[{"start":{"line":100,"column":8},"end":{"line":102,"column":9}},{"start":{},"end":{}}],"line":100},"11":{"loc":{"start":{"line":175,"column":22},"end":{"line":175,"column":54}},"type":"cond-expr","locations":[{"start":{"line":175,"column":38},"end":{"line":175,"column":43}},{"start":{"line":175,"column":46},"end":{"line":175,"column":54}}],"line":175}},"s":{"0":1,"1":1,"2":1,"3":1,"4":1,"5":1,"6":1,"7":1,"8":1,"9":0,"10":0,"11":0,"12":0,"13":0,"14":0,"15":0,"16":0,"17":0,"18":0,"19":0,"20":0,"21":0,"22":0,"23":0,"24":0,"25":0,"26":0,"27":0,"28":0,"29":0,"30":0,"31":0,"32":0,"33":0,"34":0,"35":0,"36":0,"37":0,"38":0,"39":1,"40":0,"41":0,"42":0,"43":0,"44":0,"45":0,"46":0,"47":0,"48":0,"49":0,"50":1,"51":0,"52":0,"53":1,"54":0},"f":{"0":1,"1":0,"2":0,"3":0,"4":0,"5":0,"6":0,"7":0,"8":0},"b":{"0":[0,1],"1":[0,1],"2":[0,1],"3":[0,1],"4":[0,0],"5":[0,0],"6":[0,0],"7":[0,0],"8":[0,0],"9":[0,0],"10":[0,0],"11":[1,0]},"_coverageSchema":"1a1c01bbd47fc00a2c39e90264f33305004495a9","hash":"bcf84a0dfa0213c505359f0efeb4eb4623435c82"}
,"/var/www/html/react-foodidealight/src/Components/Restaurants/Create.js": {"path":"/var/www/html/react-foodidealight/src/Components/Restaurants/Create.js","statementMap":{"0":{"start":{"line":6,"column":22},"end":{"line":12,"column":1}},"1":{"start":{"line":7,"column":1},"end":{"line":11,"column":3}}},"fnMap":{"0":{"name":"(anonymous_0)","decl":{"start":{"line":6,"column":22},"end":{"line":6,"column":23}},"loc":{"start":{"line":6,"column":28},"end":{"line":12,"column":1}},"line":6}},"branchMap":{},"s":{"0":0,"1":0},"f":{"0":0},"b":{}}
,"/var/www/html/react-foodidealight/src/Components/Restaurants/Edit.js": {"path":"/var/www/html/react-foodidealight/src/Components/Restaurants/Edit.js","statementMap":{"0":{"start":{"line":6,"column":20},"end":{"line":12,"column":1}},"1":{"start":{"line":7,"column":1},"end":{"line":11,"column":3}}},"fnMap":{"0":{"name":"(anonymous_0)","decl":{"start":{"line":6,"column":20},"end":{"line":6,"column":21}},"loc":{"start":{"line":6,"column":26},"end":{"line":12,"column":1}},"line":6}},"branchMap":{},"s":{"0":0,"1":0},"f":{"0":0},"b":{}}
,"/var/www/html/react-foodidealight/src/Components/Restaurants/List.js": {"path":"/var/www/html/react-foodidealight/src/Components/Restaurants/List.js","statementMap":{"0":{"start":{"line":14,"column":20},"end":{"line":197,"column":1}},"1":{"start":{"line":15,"column":35},"end":{"line":15,"column":47}},"2":{"start":{"line":16,"column":47},"end":{"line":16,"column":59}},"3":{"start":{"line":17,"column":39},"end":{"line":17,"column":52}},"4":{"start":{"line":18,"column":21},"end":{"line":18,"column":23}},"5":{"start":{"line":19,"column":63},"end":{"line":19,"column":82}},"6":{"start":{"line":20,"column":35},"end":{"line":20,"column":49}},"7":{"start":{"line":21,"column":41},"end":{"line":21,"column":58}},"8":{"start":{"line":22,"column":35},"end":{"line":22,"column":49}},"9":{"start":{"line":24,"column":27},"end":{"line":35,"column":2}},"10":{"start":{"line":25,"column":2},"end":{"line":27,"column":3}},"11":{"start":{"line":26,"column":3},"end":{"line":26,"column":35}},"12":{"start":{"line":28,"column":2},"end":{"line":30,"column":3}},"13":{"start":{"line":29,"column":3},"end":{"line":29,"column":29}},"14":{"start":{"line":31,"column":21},"end":{"line":31,"column":52}},"15":{"start":{"line":32,"column":22},"end":{"line":32,"column":74}},"16":{"start":{"line":33,"column":2},"end":{"line":33,"column":34}},"17":{"start":{"line":34,"column":2},"end":{"line":34,"column":30}},"18":{"start":{"line":37,"column":16},"end":{"line":44,"column":2}},"19":{"start":{"line":38,"column":2},"end":{"line":38,"column":33}},"20":{"start":{"line":39,"column":2},"end":{"line":39,"column":37}},"21":{"start":{"line":40,"column":8},"end":{"line":40,"column":57}},"22":{"start":{"line":41,"column":2},"end":{"line":41,"column":43}},"23":{"start":{"line":42,"column":2},"end":{"line":42,"column":37}},"24":{"start":{"line":46,"column":21},"end":{"line":50,"column":2}},"25":{"start":{"line":47,"column":2},"end":{"line":47,"column":21}},"26":{"start":{"line":48,"column":2},"end":{"line":48,"column":21}},"27":{"start":{"line":49,"column":2},"end":{"line":49,"column":18}},"28":{"start":{"line":52,"column":24},"end":{"line":63,"column":2}},"29":{"start":{"line":53,"column":2},"end":{"line":62,"column":4}},"30":{"start":{"line":55,"column":22},"end":{"line":55,"column":53}},"31":{"start":{"line":56,"column":23},"end":{"line":56,"column":74}},"32":{"start":{"line":57,"column":3},"end":{"line":57,"column":34}},"33":{"start":{"line":58,"column":3},"end":{"line":58,"column":25}},"34":{"start":{"line":61,"column":3},"end":{"line":61,"column":34}},"35":{"start":{"line":65,"column":1},"end":{"line":67,"column":7}},"36":{"start":{"line":66,"column":2},"end":{"line":66,"column":18}},"37":{"start":{"line":71,"column":17},"end":{"line":94,"column":2}},"38":{"start":{"line":72,"column":2},"end":{"line":85,"column":5}},"39":{"start":{"line":75,"column":4},"end":{"line":75,"column":36}},"40":{"start":{"line":76,"column":4},"end":{"line":76,"column":27}},"41":{"start":{"line":77,"column":4},"end":{"line":77,"column":78}},"42":{"start":{"line":78,"column":4},"end":{"line":78,"column":24}},"43":{"start":{"line":81,"column":4},"end":{"line":81,"column":35}},"44":{"start":{"line":82,"column":4},"end":{"line":82,"column":26}},"45":{"start":{"line":83,"column":4},"end":{"line":83,"column":58}},"46":{"start":{"line":84,"column":4},"end":{"line":84,"column":24}},"47":{"start":{"line":88,"column":2},"end":{"line":88,"column":57}},"48":{"start":{"line":88,"column":41},"end":{"line":88,"column":54}},"49":{"start":{"line":89,"column":27},"end":{"line":89,"column":73}},"50":{"start":{"line":89,"column":59},"end":{"line":89,"column":72}},"51":{"start":{"line":90,"column":2},"end":{"line":90,"column":41}},"52":{"start":{"line":91,"column":2},"end":{"line":93,"column":3}},"53":{"start":{"line":92,"column":3},"end":{"line":92,"column":41}},"54":{"start":{"line":96,"column":1},"end":{"line":196,"column":3}},"55":{"start":{"line":102,"column":21},"end":{"line":102,"column":34}},"56":{"start":{"line":136,"column":8},"end":{"line":178,"column":10}},"57":{"start":{"line":153,"column":16},"end":{"line":159,"column":17}},"58":{"start":{"line":169,"column":15},"end":{"line":169,"column":31}}},"fnMap":{"0":{"name":"(anonymous_0)","decl":{"start":{"line":14,"column":20},"end":{"line":14,"column":21}},"loc":{"start":{"line":14,"column":26},"end":{"line":197,"column":1}},"line":14},"1":{"name":"(anonymous_1)","decl":{"start":{"line":24,"column":27},"end":{"line":24,"column":28}},"loc":{"start":{"line":24,"column":56},"end":{"line":35,"column":2}},"line":24},"2":{"name":"(anonymous_2)","decl":{"start":{"line":37,"column":16},"end":{"line":37,"column":17}},"loc":{"start":{"line":37,"column":58},"end":{"line":44,"column":2}},"line":37},"3":{"name":"(anonymous_3)","decl":{"start":{"line":46,"column":21},"end":{"line":46,"column":22}},"loc":{"start":{"line":46,"column":27},"end":{"line":50,"column":2}},"line":46},"4":{"name":"(anonymous_4)","decl":{"start":{"line":52,"column":24},"end":{"line":52,"column":25}},"loc":{"start":{"line":52,"column":36},"end":{"line":63,"column":2}},"line":52},"5":{"name":"(anonymous_5)","decl":{"start":{"line":54,"column":8},"end":{"line":54,"column":9}},"loc":{"start":{"line":54,"column":22},"end":{"line":59,"column":3}},"line":54},"6":{"name":"(anonymous_6)","decl":{"start":{"line":60,"column":9},"end":{"line":60,"column":10}},"loc":{"start":{"line":60,"column":20},"end":{"line":62,"column":3}},"line":60},"7":{"name":"(anonymous_7)","decl":{"start":{"line":65,"column":11},"end":{"line":65,"column":12}},"loc":{"start":{"line":65,"column":16},"end":{"line":67,"column":2}},"line":65},"8":{"name":"(anonymous_8)","decl":{"start":{"line":71,"column":17},"end":{"line":71,"column":18}},"loc":{"start":{"line":71,"column":25},"end":{"line":94,"column":2}},"line":71},"9":{"name":"(anonymous_9)","decl":{"start":{"line":73,"column":9},"end":{"line":73,"column":10}},"loc":{"start":{"line":73,"column":23},"end":{"line":79,"column":4}},"line":73},"10":{"name":"(anonymous_10)","decl":{"start":{"line":80,"column":10},"end":{"line":80,"column":11}},"loc":{"start":{"line":80,"column":21},"end":{"line":85,"column":4}},"line":80},"11":{"name":"(anonymous_11)","decl":{"start":{"line":88,"column":32},"end":{"line":88,"column":33}},"loc":{"start":{"line":88,"column":41},"end":{"line":88,"column":54}},"line":88},"12":{"name":"(anonymous_12)","decl":{"start":{"line":89,"column":50},"end":{"line":89,"column":51}},"loc":{"start":{"line":89,"column":59},"end":{"line":89,"column":72}},"line":89},"13":{"name":"(anonymous_13)","decl":{"start":{"line":102,"column":15},"end":{"line":102,"column":16}},"loc":{"start":{"line":102,"column":21},"end":{"line":102,"column":34}},"line":102},"14":{"name":"(anonymous_14)","decl":{"start":{"line":135,"column":28},"end":{"line":135,"column":29}},"loc":{"start":{"line":135,"column":38},"end":{"line":179,"column":8}},"line":135},"15":{"name":"(anonymous_15)","decl":{"start":{"line":152,"column":24},"end":{"line":152,"column":25}},"loc":{"start":{"line":153,"column":16},"end":{"line":159,"column":17}},"line":153},"16":{"name":"(anonymous_16)","decl":{"start":{"line":168,"column":23},"end":{"line":168,"column":24}},"loc":{"start":{"line":169,"column":15},"end":{"line":169,"column":31}},"line":169}},"branchMap":{"0":{"loc":{"start":{"line":24,"column":35},"end":{"line":24,"column":51}},"type":"default-arg","locations":[{"start":{"line":24,"column":49},"end":{"line":24,"column":51}}],"line":24},"1":{"loc":{"start":{"line":25,"column":2},"end":{"line":27,"column":3}},"type":"if","locations":[{"start":{"line":25,"column":2},"end":{"line":27,"column":3}},{"start":{},"end":{}}],"line":25},"2":{"loc":{"start":{"line":28,"column":2},"end":{"line":30,"column":3}},"type":"if","locations":[{"start":{"line":28,"column":2},"end":{"line":30,"column":3}},{"start":{},"end":{}}],"line":28},"3":{"loc":{"start":{"line":91,"column":2},"end":{"line":93,"column":3}},"type":"if","locations":[{"start":{"line":91,"column":2},"end":{"line":93,"column":3}},{"start":{},"end":{}}],"line":91},"4":{"loc":{"start":{"line":98,"column":4},"end":{"line":107,"column":13}},"type":"binary-expr","locations":[{"start":{"line":98,"column":4},"end":{"line":98,"column":13}},{"start":{"line":99,"column":4},"end":{"line":106,"column":10}}],"line":98}},"s":{"0":0,"1":0,"2":0,"3":0,"4":0,"5":0,"6":0,"7":0,"8":0,"9":0,"10":0,"11":0,"12":0,"13":0,"14":0,"15":0,"16":0,"17":0,"18":0,"19":0,"20":0,"21":0,"22":0,"23":0,"24":0,"25":0,"26":0,"27":0,"28":0,"29":0,"30":0,"31":0,"32":0,"33":0,"34":0,"35":0,"36":0,"37":0,"38":0,"39":0,"40":0,"41":0,"42":0,"43":0,"44":0,"45":0,"46":0,"47":0,"48":0,"49":0,"50":0,"51":0,"52":0,"53":0,"54":0,"55":0,"56":0,"57":0,"58":0},"f":{"0":0,"1":0,"2":0,"3":0,"4":0,"5":0,"6":0,"7":0,"8":0,"9":0,"10":0,"11":0,"12":0,"13":0,"14":0,"15":0,"16":0},"b":{"0":[0],"1":[0,0],"2":[0,0],"3":[0,0],"4":[0,0]}}
,"/var/www/html/react-foodidealight/src/Components/Restaurants/index.js": {"path":"/var/www/html/react-foodidealight/src/Components/Restaurants/index.js","statementMap":{},"fnMap":{},"branchMap":{},"s":{},"f":{},"b":{}}
,"/var/www/html/react-foodidealight/src/Components/Restaurants/service.js": {"path":"/var/www/html/react-foodidealight/src/Components/Restaurants/service.js","statementMap":{"0":{"start":{"line":1,"column":33},"end":{"line":31,"column":1}},"1":{"start":{"line":2,"column":27},"end":{"line":5,"column":5}},"2":{"start":{"line":7,"column":16},"end":{"line":7,"column":104}},"3":{"start":{"line":14,"column":4},"end":{"line":30,"column":11}},"4":{"start":{"line":16,"column":12},"end":{"line":18,"column":13}},"5":{"start":{"line":17,"column":16},"end":{"line":17,"column":38}},"6":{"start":{"line":19,"column":12},"end":{"line":19,"column":44}},"7":{"start":{"line":22,"column":12},"end":{"line":24,"column":13}},"8":{"start":{"line":23,"column":16},"end":{"line":23,"column":49}},"9":{"start":{"line":27,"column":12},"end":{"line":29,"column":13}},"10":{"start":{"line":28,"column":16},"end":{"line":28,"column":44}},"11":{"start":{"line":33,"column":33},"end":{"line":59,"column":1}},"12":{"start":{"line":34,"column":27},"end":{"line":38,"column":5}},"13":{"start":{"line":40,"column":16},"end":{"line":40,"column":104}},"14":{"start":{"line":42,"column":4},"end":{"line":58,"column":11}},"15":{"start":{"line":44,"column":12},"end":{"line":46,"column":13}},"16":{"start":{"line":45,"column":16},"end":{"line":45,"column":38}},"17":{"start":{"line":47,"column":12},"end":{"line":47,"column":44}},"18":{"start":{"line":50,"column":12},"end":{"line":52,"column":13}},"19":{"start":{"line":51,"column":16},"end":{"line":51,"column":49}},"20":{"start":{"line":55,"column":12},"end":{"line":57,"column":13}},"21":{"start":{"line":56,"column":16},"end":{"line":56,"column":44}},"22":{"start":{"line":61,"column":36},"end":{"line":87,"column":1}},"23":{"start":{"line":62,"column":27},"end":{"line":66,"column":5}},"24":{"start":{"line":68,"column":16},"end":{"line":68,"column":110}},"25":{"start":{"line":70,"column":4},"end":{"line":86,"column":11}},"26":{"start":{"line":72,"column":12},"end":{"line":74,"column":13}},"27":{"start":{"line":73,"column":16},"end":{"line":73,"column":38}},"28":{"start":{"line":75,"column":12},"end":{"line":75,"column":44}},"29":{"start":{"line":78,"column":12},"end":{"line":80,"column":13}},"30":{"start":{"line":79,"column":16},"end":{"line":79,"column":49}},"31":{"start":{"line":83,"column":12},"end":{"line":85,"column":13}},"32":{"start":{"line":84,"column":16},"end":{"line":84,"column":44}},"33":{"start":{"line":89,"column":36},"end":{"line":114,"column":1}},"34":{"start":{"line":90,"column":27},"end":{"line":93,"column":5}},"35":{"start":{"line":95,"column":16},"end":{"line":95,"column":110}},"36":{"start":{"line":97,"column":4},"end":{"line":113,"column":11}},"37":{"start":{"line":99,"column":12},"end":{"line":101,"column":13}},"38":{"start":{"line":100,"column":16},"end":{"line":100,"column":38}},"39":{"start":{"line":102,"column":12},"end":{"line":102,"column":44}},"40":{"start":{"line":105,"column":12},"end":{"line":107,"column":13}},"41":{"start":{"line":106,"column":16},"end":{"line":106,"column":49}},"42":{"start":{"line":110,"column":12},"end":{"line":112,"column":13}},"43":{"start":{"line":111,"column":16},"end":{"line":111,"column":44}}},"fnMap":{"0":{"name":"(anonymous_0)","decl":{"start":{"line":1,"column":33},"end":{"line":1,"column":34}},"loc":{"start":{"line":1,"column":39},"end":{"line":31,"column":1}},"line":1},"1":{"name":"(anonymous_1)","decl":{"start":{"line":15,"column":15},"end":{"line":15,"column":16}},"loc":{"start":{"line":15,"column":35},"end":{"line":20,"column":9}},"line":15},"2":{"name":"(anonymous_2)","decl":{"start":{"line":21,"column":14},"end":{"line":21,"column":15}},"loc":{"start":{"line":21,"column":28},"end":{"line":25,"column":9}},"line":21},"3":{"name":"(anonymous_3)","decl":{"start":{"line":26,"column":15},"end":{"line":26,"column":16}},"loc":{"start":{"line":26,"column":26},"end":{"line":30,"column":9}},"line":26},"4":{"name":"(anonymous_4)","decl":{"start":{"line":33,"column":33},"end":{"line":33,"column":34}},"loc":{"start":{"line":33,"column":43},"end":{"line":59,"column":1}},"line":33},"5":{"name":"(anonymous_5)","decl":{"start":{"line":43,"column":15},"end":{"line":43,"column":16}},"loc":{"start":{"line":43,"column":35},"end":{"line":48,"column":9}},"line":43},"6":{"name":"(anonymous_6)","decl":{"start":{"line":49,"column":14},"end":{"line":49,"column":15}},"loc":{"start":{"line":49,"column":28},"end":{"line":53,"column":9}},"line":49},"7":{"name":"(anonymous_7)","decl":{"start":{"line":54,"column":15},"end":{"line":54,"column":16}},"loc":{"start":{"line":54,"column":26},"end":{"line":58,"column":9}},"line":54},"8":{"name":"(anonymous_8)","decl":{"start":{"line":61,"column":36},"end":{"line":61,"column":37}},"loc":{"start":{"line":61,"column":50},"end":{"line":87,"column":1}},"line":61},"9":{"name":"(anonymous_9)","decl":{"start":{"line":71,"column":15},"end":{"line":71,"column":16}},"loc":{"start":{"line":71,"column":35},"end":{"line":76,"column":9}},"line":71},"10":{"name":"(anonymous_10)","decl":{"start":{"line":77,"column":14},"end":{"line":77,"column":15}},"loc":{"start":{"line":77,"column":28},"end":{"line":81,"column":9}},"line":77},"11":{"name":"(anonymous_11)","decl":{"start":{"line":82,"column":15},"end":{"line":82,"column":16}},"loc":{"start":{"line":82,"column":26},"end":{"line":86,"column":9}},"line":82},"12":{"name":"(anonymous_12)","decl":{"start":{"line":89,"column":36},"end":{"line":89,"column":37}},"loc":{"start":{"line":89,"column":44},"end":{"line":114,"column":1}},"line":89},"13":{"name":"(anonymous_13)","decl":{"start":{"line":98,"column":15},"end":{"line":98,"column":16}},"loc":{"start":{"line":98,"column":35},"end":{"line":103,"column":9}},"line":98},"14":{"name":"(anonymous_14)","decl":{"start":{"line":104,"column":14},"end":{"line":104,"column":15}},"loc":{"start":{"line":104,"column":28},"end":{"line":108,"column":9}},"line":104},"15":{"name":"(anonymous_15)","decl":{"start":{"line":109,"column":15},"end":{"line":109,"column":16}},"loc":{"start":{"line":109,"column":26},"end":{"line":113,"column":9}},"line":109}},"branchMap":{"0":{"loc":{"start":{"line":16,"column":12},"end":{"line":18,"column":13}},"type":"if","locations":[{"start":{"line":16,"column":12},"end":{"line":18,"column":13}},{"start":{},"end":{}}],"line":16},"1":{"loc":{"start":{"line":22,"column":12},"end":{"line":24,"column":13}},"type":"if","locations":[{"start":{"line":22,"column":12},"end":{"line":24,"column":13}},{"start":{},"end":{}}],"line":22},"2":{"loc":{"start":{"line":27,"column":12},"end":{"line":29,"column":13}},"type":"if","locations":[{"start":{"line":27,"column":12},"end":{"line":29,"column":13}},{"start":{},"end":{}}],"line":27},"3":{"loc":{"start":{"line":44,"column":12},"end":{"line":46,"column":13}},"type":"if","locations":[{"start":{"line":44,"column":12},"end":{"line":46,"column":13}},{"start":{},"end":{}}],"line":44},"4":{"loc":{"start":{"line":50,"column":12},"end":{"line":52,"column":13}},"type":"if","locations":[{"start":{"line":50,"column":12},"end":{"line":52,"column":13}},{"start":{},"end":{}}],"line":50},"5":{"loc":{"start":{"line":55,"column":12},"end":{"line":57,"column":13}},"type":"if","locations":[{"start":{"line":55,"column":12},"end":{"line":57,"column":13}},{"start":{},"end":{}}],"line":55},"6":{"loc":{"start":{"line":72,"column":12},"end":{"line":74,"column":13}},"type":"if","locations":[{"start":{"line":72,"column":12},"end":{"line":74,"column":13}},{"start":{},"end":{}}],"line":72},"7":{"loc":{"start":{"line":78,"column":12},"end":{"line":80,"column":13}},"type":"if","locations":[{"start":{"line":78,"column":12},"end":{"line":80,"column":13}},{"start":{},"end":{}}],"line":78},"8":{"loc":{"start":{"line":83,"column":12},"end":{"line":85,"column":13}},"type":"if","locations":[{"start":{"line":83,"column":12},"end":{"line":85,"column":13}},{"start":{},"end":{}}],"line":83},"9":{"loc":{"start":{"line":99,"column":12},"end":{"line":101,"column":13}},"type":"if","locations":[{"start":{"line":99,"column":12},"end":{"line":101,"column":13}},{"start":{},"end":{}}],"line":99},"10":{"loc":{"start":{"line":105,"column":12},"end":{"line":107,"column":13}},"type":"if","locations":[{"start":{"line":105,"column":12},"end":{"line":107,"column":13}},{"start":{},"end":{}}],"line":105},"11":{"loc":{"start":{"line":110,"column":12},"end":{"line":112,"column":13}},"type":"if","locations":[{"start":{"line":110,"column":12},"end":{"line":112,"column":13}},{"start":{},"end":{}}],"line":110}},"s":{"0":1,"1":0,"2":0,"3":0,"4":0,"5":0,"6":0,"7":0,"8":0,"9":0,"10":0,"11":1,"12":0,"13":0,"14":0,"15":0,"16":0,"17":0,"18":0,"19":0,"20":0,"21":0,"22":1,"23":0,"24":0,"25":0,"26":0,"27":0,"28":0,"29":0,"30":0,"31":0,"32":0,"33":1,"34":0,"35":0,"36":0,"37":0,"38":0,"39":0,"40":0,"41":0,"42":0,"43":0},"f":{"0":0,"1":0,"2":0,"3":0,"4":0,"5":0,"6":0,"7":0,"8":0,"9":0,"10":0,"11":0,"12":0,"13":0,"14":0,"15":0},"b":{"0":[0,0],"1":[0,0],"2":[0,0],"3":[0,0],"4":[0,0],"5":[0,0],"6":[0,0],"7":[0,0],"8":[0,0],"9":[0,0],"10":[0,0],"11":[0,0]},"_coverageSchema":"1a1c01bbd47fc00a2c39e90264f33305004495a9","hash":"85e261d611b12d9392dd916cc55248aa21371764"}
,"/var/www/html/react-foodidealight/src/Components/Utils/Common.js": {"path":"/var/www/html/react-foodidealight/src/Components/Utils/Common.js","statementMap":{"0":{"start":{"line":1,"column":32},"end":{"line":4,"column":1}},"1":{"start":{"line":2,"column":4},"end":{"line":2,"column":44}},"2":{"start":{"line":2,"column":18},"end":{"line":2,"column":44}},"3":{"start":{"line":3,"column":4},"end":{"line":3,"column":46}}},"fnMap":{"0":{"name":"(anonymous_0)","decl":{"start":{"line":1,"column":32},"end":{"line":1,"column":33}},"loc":{"start":{"line":1,"column":57},"end":{"line":4,"column":1}},"line":1}},"branchMap":{"0":{"loc":{"start":{"line":2,"column":4},"end":{"line":2,"column":44}},"type":"if","locations":[{"start":{"line":2,"column":4},"end":{"line":2,"column":44}},{"start":{},"end":{}}],"line":2}},"s":{"0":0,"1":0,"2":0,"3":0},"f":{"0":0},"b":{"0":[0,0]}}
,"/var/www/html/react-foodidealight/src/Components/Utils/CustomPagination.js": {"path":"/var/www/html/react-foodidealight/src/Components/Utils/CustomPagination.js","statementMap":{"0":{"start":{"line":4,"column":15},"end":{"line":4,"column":26}},"1":{"start":{"line":5,"column":14},"end":{"line":5,"column":16}},"2":{"start":{"line":6,"column":18},"end":{"line":6,"column":56}},"3":{"start":{"line":8,"column":2},"end":{"line":14,"column":3}},"4":{"start":{"line":8,"column":20},"end":{"line":8,"column":21}},"5":{"start":{"line":9,"column":4},"end":{"line":13,"column":6}},"6":{"start":{"line":10,"column":82},"end":{"line":10,"column":106}},"7":{"start":{"line":16,"column":4},"end":{"line":20,"column":5}}},"fnMap":{"0":{"name":"CustomPagination","decl":{"start":{"line":3,"column":9},"end":{"line":3,"column":25}},"loc":{"start":{"line":3,"column":89},"end":{"line":21,"column":1}},"line":3},"1":{"name":"(anonymous_1)","decl":{"start":{"line":10,"column":71},"end":{"line":10,"column":72}},"loc":{"start":{"line":10,"column":82},"end":{"line":10,"column":106}},"line":10}},"branchMap":{},"s":{"0":0,"1":0,"2":0,"3":0,"4":0,"5":0,"6":0,"7":0},"f":{"0":0,"1":0},"b":{}}
}
